This file contains any messages produced by compilers while
running configure, to aid debugging if configure makes a mistake.

It was created by hpctoolkit configure 2017.11, which was
generated by GNU Autoconf 2.69.  Invocation command line was

  $ ./configure --prefix=/home/aditya/Documents/new_research/comdetective-tools/hpctoolkit-bin --with-externals=/home/aditya/Documents/new_research/comdetective-tools/hpctoolkit-externals/x86_64-unknown-linux-gnu --with-libmonitor=/home/aditya/Documents/new_research/comdetective-tools/libmonitor-bin --with-libadm=/home/aditya/Documents/new_research/comdetective-tools/adamant --no-create --no-recursion

## --------- ##
## Platform. ##
## --------- ##

hostname = parcore-winter
uname -m = x86_64
uname -r = 4.15.0-rc4+
uname -s = Linux
uname -v = #1 SMP Fri Sep 20 15:56:57 +03 2019

/usr/bin/uname -p = unknown
/bin/uname -X     = unknown

/bin/arch              = unknown
/usr/bin/arch -k       = unknown
/usr/convex/getsysinfo = unknown
/usr/bin/hostinfo      = unknown
/bin/machine           = unknown
/usr/bin/oslevel       = unknown
/bin/universe          = unknown

PATH: /home/msasongko17/project/feather-project/openmpi_bin/bin
PATH: /usr/bin
PATH: /home/msasongko17/bin
PATH: /home/msasongko17/.local/bin
PATH: /home/msasongko17/project/feather-project/openmpi_bin/bin
PATH: /usr/bin
PATH: /opt/julia/bin
PATH: /opt/pgi/linux86-64/2018/bin
PATH: /usr/local/cuda/bin
PATH: /usr/local/sbin
PATH: /usr/local/bin
PATH: /usr/sbin
PATH: /usr/bin
PATH: /sbin
PATH: /bin
PATH: /usr/games
PATH: /usr/local/games
PATH: /usr/local/cuda/bin/nvcc
PATH: /snap/bin
PATH: /usr/local/cuda-10.0/include


## ----------- ##
## Core tests. ##
## ----------- ##

configure:3349: *** INFO: from user: CXX='' CXXFLAGS='' ***
configure:3351: *** INFO: from user: CC='' CFLAGS='' ***
configure:3353: *** INFO: from user: MPICC='' ***
configure:3355: *** INFO: from user: MPICXX='' ***
configure:3357: *** INFO: from user: MPIF77='' ***
configure:3378: checking for a BSD-compatible install
configure:3446: result: /usr/bin/install -c
configure:3457: checking whether build environment is sane
configure:3512: result: yes
configure:3663: checking for a thread-safe mkdir -p
configure:3702: result: /bin/mkdir -p
configure:3709: checking for gawk
configure:3725: found /usr/bin/gawk
configure:3736: result: gawk
configure:3747: checking whether make sets $(MAKE)
configure:3769: result: yes
configure:3798: checking whether make supports nested variables
configure:3815: result: yes
configure:3944: checking whether to enable maintainer-specific portions of Makefiles
configure:3953: result: no
configure:3971: checking build system type
configure:3985: result: x86_64-unknown-linux-gnu
configure:4005: checking host system type
configure:4018: result: x86_64-unknown-linux-gnu
configure:4116: checking whether DEVELOP mode is enabled
configure:4133: result: no
configure:4170: checking whether to strip debug section from hpcrun libraries
configure:4172: result: yes
configure:4273: checking for g++
configure:4289: found /usr/bin/g++
configure:4300: result: g++
configure:4327: checking for C++ compiler version
configure:4336: g++ --version >&5
g++ (Ubuntu 5.4.0-6ubuntu1~16.04.11) 5.4.0 20160609
Copyright (C) 2015 Free Software Foundation, Inc.
This is free software; see the source for copying conditions.  There is NO
warranty; not even for MERCHANTABILITY or FITNESS FOR A PARTICULAR PURPOSE.

configure:4347: $? = 0
configure:4336: g++ -v >&5
Using built-in specs.
COLLECT_GCC=g++
COLLECT_LTO_WRAPPER=/usr/lib/gcc/x86_64-linux-gnu/5/lto-wrapper
Target: x86_64-linux-gnu
Configured with: ../src/configure -v --with-pkgversion='Ubuntu 5.4.0-6ubuntu1~16.04.11' --with-bugurl=file:///usr/share/doc/gcc-5/README.Bugs --enable-languages=c,ada,c++,java,go,d,fortran,objc,obj-c++ --prefix=/usr --program-suffix=-5 --enable-shared --enable-linker-build-id --libexecdir=/usr/lib --without-included-gettext --enable-threads=posix --libdir=/usr/lib --enable-nls --with-sysroot=/ --enable-clocale=gnu --enable-libstdcxx-debug --enable-libstdcxx-time=yes --with-default-libstdcxx-abi=new --enable-gnu-unique-object --disable-vtable-verify --enable-libmpx --enable-plugin --with-system-zlib --disable-browser-plugin --enable-java-awt=gtk --enable-gtk-cairo --with-java-home=/usr/lib/jvm/java-1.5.0-gcj-5-amd64/jre --enable-java-home --with-jvm-root-dir=/usr/lib/jvm/java-1.5.0-gcj-5-amd64 --with-jvm-jar-dir=/usr/lib/jvm-exports/java-1.5.0-gcj-5-amd64 --with-arch-directory=amd64 --with-ecj-jar=/usr/share/java/eclipse-ecj.jar --enable-objc-gc --enable-multiarch --disable-werror --with-arch-32=i686 --with-abi=m64 --with-multilib-list=m32,m64,mx32 --enable-multilib --with-tune=generic --enable-checking=release --build=x86_64-linux-gnu --host=x86_64-linux-gnu --target=x86_64-linux-gnu
Thread model: posix
gcc version 5.4.0 20160609 (Ubuntu 5.4.0-6ubuntu1~16.04.11) 
configure:4347: $? = 0
configure:4336: g++ -V >&5
g++: error: unrecognized command line option '-V'
g++: fatal error: no input files
compilation terminated.
configure:4347: $? = 1
configure:4336: g++ -qversion >&5
g++: error: unrecognized command line option '-qversion'
g++: fatal error: no input files
compilation terminated.
configure:4347: $? = 1
configure:4367: checking whether the C++ compiler works
configure:4389: g++    conftest.cpp  >&5
configure:4393: $? = 0
configure:4441: result: yes
configure:4444: checking for C++ compiler default output file name
configure:4446: result: a.out
configure:4452: checking for suffix of executables
configure:4459: g++ -o conftest    conftest.cpp  >&5
configure:4463: $? = 0
configure:4485: result: 
configure:4507: checking whether we are cross compiling
configure:4515: g++ -o conftest    conftest.cpp  >&5
configure:4519: $? = 0
configure:4526: ./conftest
configure:4530: $? = 0
configure:4545: result: no
configure:4550: checking for suffix of object files
configure:4572: g++ -c   conftest.cpp >&5
configure:4576: $? = 0
configure:4597: result: o
configure:4601: checking whether we are using the GNU C++ compiler
configure:4620: g++ -c   conftest.cpp >&5
configure:4620: $? = 0
configure:4629: result: yes
configure:4638: checking whether g++ accepts -g
configure:4658: g++ -c -g  conftest.cpp >&5
configure:4658: $? = 0
configure:4699: result: yes
configure:4733: checking for style of include used by make
configure:4761: result: GNU
configure:4787: checking dependency style of g++
configure:4898: result: gcc3
configure:4978: checking for gcc
configure:4994: found /usr/bin/gcc
configure:5005: result: gcc
configure:5036: checking for C compiler version
configure:5045: gcc --version >&5
gcc (Ubuntu 5.4.0-6ubuntu1~16.04.11) 5.4.0 20160609
Copyright (C) 2015 Free Software Foundation, Inc.
This is free software; see the source for copying conditions.  There is NO
warranty; not even for MERCHANTABILITY or FITNESS FOR A PARTICULAR PURPOSE.

configure:5056: $? = 0
configure:5045: gcc -v >&5
Using built-in specs.
COLLECT_GCC=gcc
COLLECT_LTO_WRAPPER=/usr/lib/gcc/x86_64-linux-gnu/5/lto-wrapper
Target: x86_64-linux-gnu
Configured with: ../src/configure -v --with-pkgversion='Ubuntu 5.4.0-6ubuntu1~16.04.11' --with-bugurl=file:///usr/share/doc/gcc-5/README.Bugs --enable-languages=c,ada,c++,java,go,d,fortran,objc,obj-c++ --prefix=/usr --program-suffix=-5 --enable-shared --enable-linker-build-id --libexecdir=/usr/lib --without-included-gettext --enable-threads=posix --libdir=/usr/lib --enable-nls --with-sysroot=/ --enable-clocale=gnu --enable-libstdcxx-debug --enable-libstdcxx-time=yes --with-default-libstdcxx-abi=new --enable-gnu-unique-object --disable-vtable-verify --enable-libmpx --enable-plugin --with-system-zlib --disable-browser-plugin --enable-java-awt=gtk --enable-gtk-cairo --with-java-home=/usr/lib/jvm/java-1.5.0-gcj-5-amd64/jre --enable-java-home --with-jvm-root-dir=/usr/lib/jvm/java-1.5.0-gcj-5-amd64 --with-jvm-jar-dir=/usr/lib/jvm-exports/java-1.5.0-gcj-5-amd64 --with-arch-directory=amd64 --with-ecj-jar=/usr/share/java/eclipse-ecj.jar --enable-objc-gc --enable-multiarch --disable-werror --with-arch-32=i686 --with-abi=m64 --with-multilib-list=m32,m64,mx32 --enable-multilib --with-tune=generic --enable-checking=release --build=x86_64-linux-gnu --host=x86_64-linux-gnu --target=x86_64-linux-gnu
Thread model: posix
gcc version 5.4.0 20160609 (Ubuntu 5.4.0-6ubuntu1~16.04.11) 
configure:5056: $? = 0
configure:5045: gcc -V >&5
gcc: error: unrecognized command line option '-V'
gcc: fatal error: no input files
compilation terminated.
configure:5056: $? = 1
configure:5045: gcc -qversion >&5
gcc: error: unrecognized command line option '-qversion'
gcc: fatal error: no input files
compilation terminated.
configure:5056: $? = 1
configure:5060: checking whether we are using the GNU C compiler
configure:5079: gcc -c   conftest.c >&5
configure:5079: $? = 0
configure:5088: result: yes
configure:5097: checking whether gcc accepts -g
configure:5117: gcc -c -g  conftest.c >&5
configure:5117: $? = 0
configure:5158: result: yes
configure:5175: checking for gcc option to accept ISO C89
configure:5238: gcc  -c   conftest.c >&5
configure:5238: $? = 0
configure:5251: result: none needed
configure:5276: checking whether gcc understands -c and -o together
configure:5298: gcc -c conftest.c -o conftest2.o
configure:5301: $? = 0
configure:5298: gcc -c conftest.c -o conftest2.o
configure:5301: $? = 0
configure:5313: result: yes
configure:5332: checking dependency style of gcc
configure:5443: result: gcc3
configure:5458: checking for gcc option to accept ISO C99
configure:5607: gcc  -c   conftest.c >&5
configure:5607: $? = 0
configure:5620: result: none needed
configure:5687: checking how to print strings
configure:5714: result: printf
configure:5735: checking for a sed that does not truncate output
configure:5799: result: /bin/sed
configure:5817: checking for grep that handles long lines and -e
configure:5875: result: /bin/grep
configure:5880: checking for egrep
configure:5942: result: /bin/grep -E
configure:5947: checking for fgrep
configure:6009: result: /bin/grep -F
configure:6044: checking for ld used by gcc
configure:6111: result: /usr/bin/ld
configure:6118: checking if the linker (/usr/bin/ld) is GNU ld
configure:6133: result: yes
configure:6145: checking for BSD- or MS-compatible name lister (nm)
configure:6199: result: /usr/bin/nm -B
configure:6329: checking the name lister (/usr/bin/nm -B) interface
configure:6336: gcc -c   conftest.c >&5
configure:6339: /usr/bin/nm -B "conftest.o"
configure:6342: output
0000000000000000 B some_variable
configure:6349: result: BSD nm
configure:6352: checking whether ln -s works
configure:6356: result: yes
configure:6364: checking the maximum length of command line arguments
configure:6495: result: 1572864
configure:6543: checking how to convert x86_64-unknown-linux-gnu file names to x86_64-unknown-linux-gnu format
configure:6583: result: func_convert_file_noop
configure:6590: checking how to convert x86_64-unknown-linux-gnu file names to toolchain format
configure:6610: result: func_convert_file_noop
configure:6617: checking for /usr/bin/ld option to reload object files
configure:6624: result: -r
configure:6698: checking for objdump
configure:6714: found /usr/bin/objdump
configure:6725: result: objdump
configure:6757: checking how to recognize dependent libraries
configure:6957: result: pass_all
configure:7042: checking for dlltool
configure:7072: result: no
configure:7102: checking how to associate runtime and link libraries
configure:7129: result: printf %s\n
configure:7190: checking for ar
configure:7206: found /usr/bin/ar
configure:7217: result: ar
configure:7254: checking for archiver @FILE support
configure:7271: gcc -c   conftest.c >&5
configure:7271: $? = 0
configure:7274: ar cru libconftest.a @conftest.lst >&5
ar: `u' modifier ignored since `D' is the default (see `U')
configure:7277: $? = 0
configure:7282: ar cru libconftest.a @conftest.lst >&5
ar: `u' modifier ignored since `D' is the default (see `U')
ar: conftest.o: No such file or directory
configure:7285: $? = 1
configure:7297: result: @
configure:7355: checking for strip
configure:7371: found /usr/bin/strip
configure:7382: result: strip
configure:7454: checking for ranlib
configure:7470: found /usr/bin/ranlib
configure:7481: result: ranlib
configure:7583: checking command to parse /usr/bin/nm -B output from gcc object
configure:7736: gcc -c   conftest.c >&5
configure:7739: $? = 0
configure:7743: /usr/bin/nm -B conftest.o \| sed -n -e 's/^.*[ ]\([ABCDGIRSTW][ABCDGIRSTW]*\)[ ][ ]*\([_A-Za-z][_A-Za-z0-9]*\)$/\1 \2 \2/p' | sed '/ __gnu_lto/d' \> conftest.nm
configure:7746: $? = 0
configure:7812: gcc -o conftest    conftest.c conftstm.o >&5
configure:7815: $? = 0
configure:7853: result: ok
configure:7900: checking for sysroot
configure:7930: result: no
configure:7937: checking for a working dd
configure:7975: result: /bin/dd
configure:7979: checking how to truncate binary pipes
configure:7994: result: /bin/dd bs=4096 count=1
configure:8130: gcc -c   conftest.c >&5
configure:8133: $? = 0
configure:8323: checking for mt
configure:8339: found /bin/mt
configure:8350: result: mt
configure:8373: checking if mt is a manifest tool
configure:8379: mt '-?'
configure:8387: result: no
configure:9064: checking how to run the C preprocessor
configure:9095: gcc -E  conftest.c
configure:9095: $? = 0
configure:9109: gcc -E  conftest.c
conftest.c:13:28: fatal error: ac_nonexistent.h: No such file or directory
compilation terminated.
configure:9109: $? = 1
configure: failed program was:
| /* confdefs.h */
| #define PACKAGE_NAME "hpctoolkit"
| #define PACKAGE_TARNAME "hpctoolkit"
| #define PACKAGE_VERSION "2017.11"
| #define PACKAGE_STRING "hpctoolkit 2017.11"
| #define PACKAGE_BUGREPORT "hpctoolkit-forum@rice.edu"
| #define PACKAGE_URL "http://hpctoolkit.org/"
| #define PACKAGE "hpctoolkit"
| #define VERSION "2017.11"
| #define HPCTOOLKIT_VERSION "2017.11"
| #define HPCTOOLKIT_VERSION_STRING "A member of HPCToolkit, version 2017.11"
| /* end confdefs.h.  */
| #include <ac_nonexistent.h>
configure:9134: result: gcc -E
configure:9154: gcc -E  conftest.c
configure:9154: $? = 0
configure:9168: gcc -E  conftest.c
conftest.c:13:28: fatal error: ac_nonexistent.h: No such file or directory
compilation terminated.
configure:9168: $? = 1
configure: failed program was:
| /* confdefs.h */
| #define PACKAGE_NAME "hpctoolkit"
| #define PACKAGE_TARNAME "hpctoolkit"
| #define PACKAGE_VERSION "2017.11"
| #define PACKAGE_STRING "hpctoolkit 2017.11"
| #define PACKAGE_BUGREPORT "hpctoolkit-forum@rice.edu"
| #define PACKAGE_URL "http://hpctoolkit.org/"
| #define PACKAGE "hpctoolkit"
| #define VERSION "2017.11"
| #define HPCTOOLKIT_VERSION "2017.11"
| #define HPCTOOLKIT_VERSION_STRING "A member of HPCToolkit, version 2017.11"
| /* end confdefs.h.  */
| #include <ac_nonexistent.h>
configure:9197: checking for ANSI C header files
configure:9217: gcc -c   conftest.c >&5
configure:9217: $? = 0
configure:9290: gcc -o conftest    conftest.c  >&5
configure:9290: $? = 0
configure:9290: ./conftest
configure:9290: $? = 0
configure:9301: result: yes
configure:9314: checking for sys/types.h
configure:9314: gcc -c   conftest.c >&5
configure:9314: $? = 0
configure:9314: result: yes
configure:9314: checking for sys/stat.h
configure:9314: gcc -c   conftest.c >&5
configure:9314: $? = 0
configure:9314: result: yes
configure:9314: checking for stdlib.h
configure:9314: gcc -c   conftest.c >&5
configure:9314: $? = 0
configure:9314: result: yes
configure:9314: checking for string.h
configure:9314: gcc -c   conftest.c >&5
configure:9314: $? = 0
configure:9314: result: yes
configure:9314: checking for memory.h
configure:9314: gcc -c   conftest.c >&5
configure:9314: $? = 0
configure:9314: result: yes
configure:9314: checking for strings.h
configure:9314: gcc -c   conftest.c >&5
configure:9314: $? = 0
configure:9314: result: yes
configure:9314: checking for inttypes.h
configure:9314: gcc -c   conftest.c >&5
configure:9314: $? = 0
configure:9314: result: yes
configure:9314: checking for stdint.h
configure:9314: gcc -c   conftest.c >&5
configure:9314: $? = 0
configure:9314: result: yes
configure:9314: checking for unistd.h
configure:9314: gcc -c   conftest.c >&5
configure:9314: $? = 0
configure:9314: result: yes
configure:9328: checking for dlfcn.h
configure:9328: gcc -c   conftest.c >&5
configure:9328: $? = 0
configure:9328: result: yes
configure:9595: checking for objdir
configure:9610: result: .libs
configure:9874: checking if gcc supports -fno-rtti -fno-exceptions
configure:9892: gcc -c   -fno-rtti -fno-exceptions conftest.c >&5
cc1: warning: command line option '-fno-rtti' is valid for C++/ObjC++ but not for C
configure:9896: $? = 0
configure:9909: result: no
configure:10267: checking for gcc option to produce PIC
configure:10274: result: -fPIC -DPIC
configure:10282: checking if gcc PIC flag -fPIC -DPIC works
configure:10300: gcc -c   -fPIC -DPIC -DPIC conftest.c >&5
configure:10304: $? = 0
configure:10317: result: yes
configure:10346: checking if gcc static flag -static works
configure:10374: result: yes
configure:10389: checking if gcc supports -c -o file.o
configure:10410: gcc -c   -o out/conftest2.o conftest.c >&5
configure:10414: $? = 0
configure:10436: result: yes
configure:10444: checking if gcc supports -c -o file.o
configure:10491: result: yes
configure:10524: checking whether the gcc linker (/usr/bin/ld -m elf_x86_64) supports shared libraries
configure:11783: result: yes
configure:11820: checking whether -lc should be explicitly linked in
configure:11828: gcc -c   conftest.c >&5
configure:11831: $? = 0
configure:11846: gcc -shared  -fPIC -DPIC conftest.o  -v -Wl,-soname -Wl,conftest -o conftest 2\>\&1 \| /bin/grep  -lc  \>/dev/null 2\>\&1
configure:11849: $? = 0
configure:11863: result: no
configure:12023: checking dynamic linker characteristics
configure:12604: gcc -o conftest    -Wl,-rpath -Wl,/foo conftest.c  >&5
configure:12604: $? = 0
configure:12841: result: GNU/Linux ld.so
configure:12963: checking how to hardcode library paths into programs
configure:12988: result: immediate
configure:13536: checking whether stripping libraries is possible
configure:13541: result: yes
configure:13576: checking if libtool supports shared libraries
configure:13578: result: yes
configure:13581: checking whether to build shared libraries
configure:13606: result: yes
configure:13609: checking whether to build static libraries
configure:13613: result: yes
configure:13636: checking how to run the C++ preprocessor
configure:13663: g++ -E  conftest.cpp
configure:13663: $? = 0
configure:13677: g++ -E  conftest.cpp
conftest.cpp:25:28: fatal error: ac_nonexistent.h: No such file or directory
compilation terminated.
configure:13677: $? = 1
configure: failed program was:
| /* confdefs.h */
| #define PACKAGE_NAME "hpctoolkit"
| #define PACKAGE_TARNAME "hpctoolkit"
| #define PACKAGE_VERSION "2017.11"
| #define PACKAGE_STRING "hpctoolkit 2017.11"
| #define PACKAGE_BUGREPORT "hpctoolkit-forum@rice.edu"
| #define PACKAGE_URL "http://hpctoolkit.org/"
| #define PACKAGE "hpctoolkit"
| #define VERSION "2017.11"
| #define HPCTOOLKIT_VERSION "2017.11"
| #define HPCTOOLKIT_VERSION_STRING "A member of HPCToolkit, version 2017.11"
| #define STDC_HEADERS 1
| #define HAVE_SYS_TYPES_H 1
| #define HAVE_SYS_STAT_H 1
| #define HAVE_STDLIB_H 1
| #define HAVE_STRING_H 1
| #define HAVE_MEMORY_H 1
| #define HAVE_STRINGS_H 1
| #define HAVE_INTTYPES_H 1
| #define HAVE_STDINT_H 1
| #define HAVE_UNISTD_H 1
| #define HAVE_DLFCN_H 1
| #define LT_OBJDIR ".libs/"
| /* end confdefs.h.  */
| #include <ac_nonexistent.h>
configure:13702: result: g++ -E
configure:13722: g++ -E  conftest.cpp
configure:13722: $? = 0
configure:13736: g++ -E  conftest.cpp
conftest.cpp:25:28: fatal error: ac_nonexistent.h: No such file or directory
compilation terminated.
configure:13736: $? = 1
configure: failed program was:
| /* confdefs.h */
| #define PACKAGE_NAME "hpctoolkit"
| #define PACKAGE_TARNAME "hpctoolkit"
| #define PACKAGE_VERSION "2017.11"
| #define PACKAGE_STRING "hpctoolkit 2017.11"
| #define PACKAGE_BUGREPORT "hpctoolkit-forum@rice.edu"
| #define PACKAGE_URL "http://hpctoolkit.org/"
| #define PACKAGE "hpctoolkit"
| #define VERSION "2017.11"
| #define HPCTOOLKIT_VERSION "2017.11"
| #define HPCTOOLKIT_VERSION_STRING "A member of HPCToolkit, version 2017.11"
| #define STDC_HEADERS 1
| #define HAVE_SYS_TYPES_H 1
| #define HAVE_SYS_STAT_H 1
| #define HAVE_STDLIB_H 1
| #define HAVE_STRING_H 1
| #define HAVE_MEMORY_H 1
| #define HAVE_STRINGS_H 1
| #define HAVE_INTTYPES_H 1
| #define HAVE_STDINT_H 1
| #define HAVE_UNISTD_H 1
| #define HAVE_DLFCN_H 1
| #define LT_OBJDIR ".libs/"
| /* end confdefs.h.  */
| #include <ac_nonexistent.h>
configure:13898: checking for ld used by g++
configure:13965: result: /usr/bin/ld -m elf_x86_64
configure:13972: checking if the linker (/usr/bin/ld -m elf_x86_64) is GNU ld
configure:13987: result: yes
configure:14042: checking whether the g++ linker (/usr/bin/ld -m elf_x86_64) supports shared libraries
configure:15115: result: yes
configure:15151: g++ -c   conftest.cpp >&5
configure:15154: $? = 0
configure:15635: checking for g++ option to produce PIC
configure:15642: result: -fPIC -DPIC
configure:15650: checking if g++ PIC flag -fPIC -DPIC works
configure:15668: g++ -c   -fPIC -DPIC -DPIC conftest.cpp >&5
configure:15672: $? = 0
configure:15685: result: yes
configure:15708: checking if g++ static flag -static works
configure:15736: result: yes
configure:15748: checking if g++ supports -c -o file.o
configure:15769: g++ -c   -o out/conftest2.o conftest.cpp >&5
configure:15773: $? = 0
configure:15795: result: yes
configure:15800: checking if g++ supports -c -o file.o
configure:15847: result: yes
configure:15877: checking whether the g++ linker (/usr/bin/ld -m elf_x86_64) supports shared libraries
configure:15917: result: yes
configure:16058: checking dynamic linker characteristics
configure:16803: result: GNU/Linux ld.so
configure:16868: checking how to hardcode library paths into programs
configure:16893: result: immediate
configure:16965: checking dependency style of gcc
configure:17074: result: gcc3
configure:17093: checking for gawk
configure:17120: result: gawk
configure:17131: checking for a sed that does not truncate output
configure:17195: result: /bin/sed
configure:17206: checking how to run the C++ preprocessor
configure:17272: result: g++ -E
configure:17292: g++ -E  conftest.cpp
configure:17292: $? = 0
configure:17306: g++ -E  conftest.cpp
conftest.cpp:25:28: fatal error: ac_nonexistent.h: No such file or directory
compilation terminated.
configure:17306: $? = 1
configure: failed program was:
| /* confdefs.h */
| #define PACKAGE_NAME "hpctoolkit"
| #define PACKAGE_TARNAME "hpctoolkit"
| #define PACKAGE_VERSION "2017.11"
| #define PACKAGE_STRING "hpctoolkit 2017.11"
| #define PACKAGE_BUGREPORT "hpctoolkit-forum@rice.edu"
| #define PACKAGE_URL "http://hpctoolkit.org/"
| #define PACKAGE "hpctoolkit"
| #define VERSION "2017.11"
| #define HPCTOOLKIT_VERSION "2017.11"
| #define HPCTOOLKIT_VERSION_STRING "A member of HPCToolkit, version 2017.11"
| #define STDC_HEADERS 1
| #define HAVE_SYS_TYPES_H 1
| #define HAVE_SYS_STAT_H 1
| #define HAVE_STDLIB_H 1
| #define HAVE_STRING_H 1
| #define HAVE_MEMORY_H 1
| #define HAVE_STRINGS_H 1
| #define HAVE_INTTYPES_H 1
| #define HAVE_STDINT_H 1
| #define HAVE_UNISTD_H 1
| #define HAVE_DLFCN_H 1
| #define LT_OBJDIR ".libs/"
| /* end confdefs.h.  */
| #include <ac_nonexistent.h>
configure:17398: checking for MPI C++ compiler
configure:17356: checking whether MPI C++ compiler /home/msasongko17/project/feather-project/openmpi_bin/bin/mpicxx works correctly
configure:17373: /home/msasongko17/project/feather-project/openmpi_bin/bin/mpicxx -o conftest    conftest.cpp  >&5
configure:17373: $? = 0
configure:17381: result: yes
configure:17433: result: /home/msasongko17/project/feather-project/openmpi_bin/bin/mpicxx
configure:17456: *** INFO: post autoconf tests: CXX='g++' CXXFLAGS=''  ***
configure:17458: *** INFO: post autoconf tests: CC='gcc' CFLAGS='' ***
configure:17460: *** INFO: post autoconf tests: MPICC='' ***
configure:17462: *** INFO: post autoconf tests: MPICXX='/home/msasongko17/project/feather-project/openmpi_bin/bin/mpicxx' ***
configure:17464: *** INFO: post autoconf tests: MPIF77='' ***
configure:17472: *** Using C comiler for tests ***
configure:17483: checking for ANSI C header files
configure:17587: result: yes
configure:17597: checking for unistd.h
configure:17597: result: yes
configure:17609: checking for inttypes.h
configure:17609: result: yes
configure:17629: checking size of void*
configure:17634: gcc -o conftest    conftest.c  >&5
configure:17634: $? = 0
configure:17634: ./conftest
configure:17634: $? = 0
configure:17648: result: 8
configure:17658: checking for ushort
configure:17658: gcc -c   conftest.c >&5
configure:17658: $? = 0
configure:17658: gcc -c   conftest.c >&5
conftest.c: In function 'main':
conftest.c:65:21: error: expected expression before ')' token
 if (sizeof ((ushort)))
                     ^
configure:17658: $? = 1
configure: failed program was:
| /* confdefs.h */
| #define PACKAGE_NAME "hpctoolkit"
| #define PACKAGE_TARNAME "hpctoolkit"
| #define PACKAGE_VERSION "2017.11"
| #define PACKAGE_STRING "hpctoolkit 2017.11"
| #define PACKAGE_BUGREPORT "hpctoolkit-forum@rice.edu"
| #define PACKAGE_URL "http://hpctoolkit.org/"
| #define PACKAGE "hpctoolkit"
| #define VERSION "2017.11"
| #define HPCTOOLKIT_VERSION "2017.11"
| #define HPCTOOLKIT_VERSION_STRING "A member of HPCToolkit, version 2017.11"
| #define STDC_HEADERS 1
| #define HAVE_SYS_TYPES_H 1
| #define HAVE_SYS_STAT_H 1
| #define HAVE_STDLIB_H 1
| #define HAVE_STRING_H 1
| #define HAVE_MEMORY_H 1
| #define HAVE_STRINGS_H 1
| #define HAVE_INTTYPES_H 1
| #define HAVE_STDINT_H 1
| #define HAVE_UNISTD_H 1
| #define HAVE_DLFCN_H 1
| #define LT_OBJDIR ".libs/"
| #define STDC_HEADERS 1
| #define HAVE_UNISTD_H 1
| #define HAVE_INTTYPES_H 1
| #define SIZEOF_VOIDP 8
| /* end confdefs.h.  */
| #include <stdio.h>
| #ifdef HAVE_SYS_TYPES_H
| # include <sys/types.h>
| #endif
| #ifdef HAVE_SYS_STAT_H
| # include <sys/stat.h>
| #endif
| #ifdef STDC_HEADERS
| # include <stdlib.h>
| # include <stddef.h>
| #else
| # ifdef HAVE_STDLIB_H
| #  include <stdlib.h>
| # endif
| #endif
| #ifdef HAVE_STRING_H
| # if !defined STDC_HEADERS && defined HAVE_MEMORY_H
| #  include <memory.h>
| # endif
| # include <string.h>
| #endif
| #ifdef HAVE_STRINGS_H
| # include <strings.h>
| #endif
| #ifdef HAVE_INTTYPES_H
| # include <inttypes.h>
| #endif
| #ifdef HAVE_STDINT_H
| # include <stdint.h>
| #endif
| #ifdef HAVE_UNISTD_H
| # include <unistd.h>
| #endif
| int
| main ()
| {
| if (sizeof ((ushort)))
| 	    return 0;
|   ;
|   return 0;
| }
configure:17658: result: yes
configure:17667: checking for uint
configure:17667: gcc -c   conftest.c >&5
configure:17667: $? = 0
configure:17667: gcc -c   conftest.c >&5
conftest.c: In function 'main':
conftest.c:66:19: error: expected expression before ')' token
 if (sizeof ((uint)))
                   ^
configure:17667: $? = 1
configure: failed program was:
| /* confdefs.h */
| #define PACKAGE_NAME "hpctoolkit"
| #define PACKAGE_TARNAME "hpctoolkit"
| #define PACKAGE_VERSION "2017.11"
| #define PACKAGE_STRING "hpctoolkit 2017.11"
| #define PACKAGE_BUGREPORT "hpctoolkit-forum@rice.edu"
| #define PACKAGE_URL "http://hpctoolkit.org/"
| #define PACKAGE "hpctoolkit"
| #define VERSION "2017.11"
| #define HPCTOOLKIT_VERSION "2017.11"
| #define HPCTOOLKIT_VERSION_STRING "A member of HPCToolkit, version 2017.11"
| #define STDC_HEADERS 1
| #define HAVE_SYS_TYPES_H 1
| #define HAVE_SYS_STAT_H 1
| #define HAVE_STDLIB_H 1
| #define HAVE_STRING_H 1
| #define HAVE_MEMORY_H 1
| #define HAVE_STRINGS_H 1
| #define HAVE_INTTYPES_H 1
| #define HAVE_STDINT_H 1
| #define HAVE_UNISTD_H 1
| #define HAVE_DLFCN_H 1
| #define LT_OBJDIR ".libs/"
| #define STDC_HEADERS 1
| #define HAVE_UNISTD_H 1
| #define HAVE_INTTYPES_H 1
| #define SIZEOF_VOIDP 8
| #define HAVE_USHORT 1
| /* end confdefs.h.  */
| #include <stdio.h>
| #ifdef HAVE_SYS_TYPES_H
| # include <sys/types.h>
| #endif
| #ifdef HAVE_SYS_STAT_H
| # include <sys/stat.h>
| #endif
| #ifdef STDC_HEADERS
| # include <stdlib.h>
| # include <stddef.h>
| #else
| # ifdef HAVE_STDLIB_H
| #  include <stdlib.h>
| # endif
| #endif
| #ifdef HAVE_STRING_H
| # if !defined STDC_HEADERS && defined HAVE_MEMORY_H
| #  include <memory.h>
| # endif
| # include <string.h>
| #endif
| #ifdef HAVE_STRINGS_H
| # include <strings.h>
| #endif
| #ifdef HAVE_INTTYPES_H
| # include <inttypes.h>
| #endif
| #ifdef HAVE_STDINT_H
| # include <stdint.h>
| #endif
| #ifdef HAVE_UNISTD_H
| # include <unistd.h>
| #endif
| int
| main ()
| {
| if (sizeof ((uint)))
| 	    return 0;
|   ;
|   return 0;
| }
configure:17667: result: yes
configure:17676: checking for ulong
configure:17676: gcc -c   conftest.c >&5
configure:17676: $? = 0
configure:17676: gcc -c   conftest.c >&5
conftest.c: In function 'main':
conftest.c:67:20: error: expected expression before ')' token
 if (sizeof ((ulong)))
                    ^
configure:17676: $? = 1
configure: failed program was:
| /* confdefs.h */
| #define PACKAGE_NAME "hpctoolkit"
| #define PACKAGE_TARNAME "hpctoolkit"
| #define PACKAGE_VERSION "2017.11"
| #define PACKAGE_STRING "hpctoolkit 2017.11"
| #define PACKAGE_BUGREPORT "hpctoolkit-forum@rice.edu"
| #define PACKAGE_URL "http://hpctoolkit.org/"
| #define PACKAGE "hpctoolkit"
| #define VERSION "2017.11"
| #define HPCTOOLKIT_VERSION "2017.11"
| #define HPCTOOLKIT_VERSION_STRING "A member of HPCToolkit, version 2017.11"
| #define STDC_HEADERS 1
| #define HAVE_SYS_TYPES_H 1
| #define HAVE_SYS_STAT_H 1
| #define HAVE_STDLIB_H 1
| #define HAVE_STRING_H 1
| #define HAVE_MEMORY_H 1
| #define HAVE_STRINGS_H 1
| #define HAVE_INTTYPES_H 1
| #define HAVE_STDINT_H 1
| #define HAVE_UNISTD_H 1
| #define HAVE_DLFCN_H 1
| #define LT_OBJDIR ".libs/"
| #define STDC_HEADERS 1
| #define HAVE_UNISTD_H 1
| #define HAVE_INTTYPES_H 1
| #define SIZEOF_VOIDP 8
| #define HAVE_USHORT 1
| #define HAVE_UINT 1
| /* end confdefs.h.  */
| #include <stdio.h>
| #ifdef HAVE_SYS_TYPES_H
| # include <sys/types.h>
| #endif
| #ifdef HAVE_SYS_STAT_H
| # include <sys/stat.h>
| #endif
| #ifdef STDC_HEADERS
| # include <stdlib.h>
| # include <stddef.h>
| #else
| # ifdef HAVE_STDLIB_H
| #  include <stdlib.h>
| # endif
| #endif
| #ifdef HAVE_STRING_H
| # if !defined STDC_HEADERS && defined HAVE_MEMORY_H
| #  include <memory.h>
| # endif
| # include <string.h>
| #endif
| #ifdef HAVE_STRINGS_H
| # include <strings.h>
| #endif
| #ifdef HAVE_INTTYPES_H
| # include <inttypes.h>
| #endif
| #ifdef HAVE_STDINT_H
| # include <stdint.h>
| #endif
| #ifdef HAVE_UNISTD_H
| # include <unistd.h>
| #endif
| int
| main ()
| {
| if (sizeof ((ulong)))
| 	    return 0;
|   ;
|   return 0;
| }
configure:17676: result: yes
configure:17718: *** Using C++ comiler for tests ***
configure:17733: checking unistd.h usability
configure:17733: g++ -c   conftest.cpp >&5
configure:17733: $? = 0
configure:17733: result: yes
configure:17733: checking unistd.h presence
configure:17733: g++ -E  conftest.cpp
configure:17733: $? = 0
configure:17733: result: yes
configure:17733: checking for unistd.h
configure:17733: result: yes
configure:17745: checking inttypes.h usability
configure:17745: g++ -c   conftest.cpp >&5
configure:17745: $? = 0
configure:17745: result: yes
configure:17745: checking inttypes.h presence
configure:17745: g++ -E  conftest.cpp
configure:17745: $? = 0
configure:17745: result: yes
configure:17745: checking for inttypes.h
configure:17745: result: yes
configure:17757: checking cxxabi.h usability
configure:17757: g++ -c   conftest.cpp >&5
configure:17757: $? = 0
configure:17757: result: yes
configure:17757: checking cxxabi.h presence
configure:17757: g++ -E  conftest.cpp
configure:17757: $? = 0
configure:17757: result: yes
configure:17757: checking for cxxabi.h
configure:17757: result: yes
configure:17767: checking whether g++ supports C++ style C headers (<cheader>)
configure:17800: g++ -c   conftest.cpp >&5
configure:17800: $? = 0
configure:17807: result: yes
configure:17820: checking size of void*
configure:17825: g++ -o conftest    conftest.cpp  >&5
configure:17825: $? = 0
configure:17825: ./conftest
configure:17825: $? = 0
configure:17839: result: 8
configure:17849: checking for ushort
configure:17849: g++ -c   conftest.cpp >&5
configure:17849: $? = 0
configure:17849: g++ -c   conftest.cpp >&5
conftest.cpp: In function 'int main()':
conftest.cpp:75:20: error: expected primary-expression before ')' token
 if (sizeof ((ushort)))
                    ^
configure:17849: $? = 1
configure: failed program was:
| /* confdefs.h */
| #define PACKAGE_NAME "hpctoolkit"
| #define PACKAGE_TARNAME "hpctoolkit"
| #define PACKAGE_VERSION "2017.11"
| #define PACKAGE_STRING "hpctoolkit 2017.11"
| #define PACKAGE_BUGREPORT "hpctoolkit-forum@rice.edu"
| #define PACKAGE_URL "http://hpctoolkit.org/"
| #define PACKAGE "hpctoolkit"
| #define VERSION "2017.11"
| #define HPCTOOLKIT_VERSION "2017.11"
| #define HPCTOOLKIT_VERSION_STRING "A member of HPCToolkit, version 2017.11"
| #define STDC_HEADERS 1
| #define HAVE_SYS_TYPES_H 1
| #define HAVE_SYS_STAT_H 1
| #define HAVE_STDLIB_H 1
| #define HAVE_STRING_H 1
| #define HAVE_MEMORY_H 1
| #define HAVE_STRINGS_H 1
| #define HAVE_INTTYPES_H 1
| #define HAVE_STDINT_H 1
| #define HAVE_UNISTD_H 1
| #define HAVE_DLFCN_H 1
| #define LT_OBJDIR ".libs/"
| #define STDC_HEADERS 1
| #define HAVE_UNISTD_H 1
| #define HAVE_INTTYPES_H 1
| #define SIZEOF_VOIDP 8
| #define HAVE_USHORT 1
| #define HAVE_UINT 1
| #define HAVE_ULONG 1
| #define HAVE_USHORT_LANG_C 1
| #define HAVE_UINT_LANG_C 1
| #define HAVE_ULONG_LANG_C 1
| #define HAVE_UNISTD_H 1
| #define HAVE_INTTYPES_H 1
| #define HAVE_CXXABI_H 1
| #define SIZEOF_VOIDP 8
| /* end confdefs.h.  */
| #include <stdio.h>
| #ifdef HAVE_SYS_TYPES_H
| # include <sys/types.h>
| #endif
| #ifdef HAVE_SYS_STAT_H
| # include <sys/stat.h>
| #endif
| #ifdef STDC_HEADERS
| # include <stdlib.h>
| # include <stddef.h>
| #else
| # ifdef HAVE_STDLIB_H
| #  include <stdlib.h>
| # endif
| #endif
| #ifdef HAVE_STRING_H
| # if !defined STDC_HEADERS && defined HAVE_MEMORY_H
| #  include <memory.h>
| # endif
| # include <string.h>
| #endif
| #ifdef HAVE_STRINGS_H
| # include <strings.h>
| #endif
| #ifdef HAVE_INTTYPES_H
| # include <inttypes.h>
| #endif
| #ifdef HAVE_STDINT_H
| # include <stdint.h>
| #endif
| #ifdef HAVE_UNISTD_H
| # include <unistd.h>
| #endif
| int
| main ()
| {
| if (sizeof ((ushort)))
| 	    return 0;
|   ;
|   return 0;
| }
configure:17849: result: yes
configure:17858: checking for uint
configure:17858: g++ -c   conftest.cpp >&5
configure:17858: $? = 0
configure:17858: g++ -c   conftest.cpp >&5
conftest.cpp: In function 'int main()':
conftest.cpp:76:18: error: expected primary-expression before ')' token
 if (sizeof ((uint)))
                  ^
configure:17858: $? = 1
configure: failed program was:
| /* confdefs.h */
| #define PACKAGE_NAME "hpctoolkit"
| #define PACKAGE_TARNAME "hpctoolkit"
| #define PACKAGE_VERSION "2017.11"
| #define PACKAGE_STRING "hpctoolkit 2017.11"
| #define PACKAGE_BUGREPORT "hpctoolkit-forum@rice.edu"
| #define PACKAGE_URL "http://hpctoolkit.org/"
| #define PACKAGE "hpctoolkit"
| #define VERSION "2017.11"
| #define HPCTOOLKIT_VERSION "2017.11"
| #define HPCTOOLKIT_VERSION_STRING "A member of HPCToolkit, version 2017.11"
| #define STDC_HEADERS 1
| #define HAVE_SYS_TYPES_H 1
| #define HAVE_SYS_STAT_H 1
| #define HAVE_STDLIB_H 1
| #define HAVE_STRING_H 1
| #define HAVE_MEMORY_H 1
| #define HAVE_STRINGS_H 1
| #define HAVE_INTTYPES_H 1
| #define HAVE_STDINT_H 1
| #define HAVE_UNISTD_H 1
| #define HAVE_DLFCN_H 1
| #define LT_OBJDIR ".libs/"
| #define STDC_HEADERS 1
| #define HAVE_UNISTD_H 1
| #define HAVE_INTTYPES_H 1
| #define SIZEOF_VOIDP 8
| #define HAVE_USHORT 1
| #define HAVE_UINT 1
| #define HAVE_ULONG 1
| #define HAVE_USHORT_LANG_C 1
| #define HAVE_UINT_LANG_C 1
| #define HAVE_ULONG_LANG_C 1
| #define HAVE_UNISTD_H 1
| #define HAVE_INTTYPES_H 1
| #define HAVE_CXXABI_H 1
| #define SIZEOF_VOIDP 8
| #define HAVE_USHORT 1
| /* end confdefs.h.  */
| #include <stdio.h>
| #ifdef HAVE_SYS_TYPES_H
| # include <sys/types.h>
| #endif
| #ifdef HAVE_SYS_STAT_H
| # include <sys/stat.h>
| #endif
| #ifdef STDC_HEADERS
| # include <stdlib.h>
| # include <stddef.h>
| #else
| # ifdef HAVE_STDLIB_H
| #  include <stdlib.h>
| # endif
| #endif
| #ifdef HAVE_STRING_H
| # if !defined STDC_HEADERS && defined HAVE_MEMORY_H
| #  include <memory.h>
| # endif
| # include <string.h>
| #endif
| #ifdef HAVE_STRINGS_H
| # include <strings.h>
| #endif
| #ifdef HAVE_INTTYPES_H
| # include <inttypes.h>
| #endif
| #ifdef HAVE_STDINT_H
| # include <stdint.h>
| #endif
| #ifdef HAVE_UNISTD_H
| # include <unistd.h>
| #endif
| int
| main ()
| {
| if (sizeof ((uint)))
| 	    return 0;
|   ;
|   return 0;
| }
configure:17858: result: yes
configure:17867: checking for ulong
configure:17867: g++ -c   conftest.cpp >&5
configure:17867: $? = 0
configure:17867: g++ -c   conftest.cpp >&5
conftest.cpp: In function 'int main()':
conftest.cpp:77:19: error: expected primary-expression before ')' token
 if (sizeof ((ulong)))
                   ^
configure:17867: $? = 1
configure: failed program was:
| /* confdefs.h */
| #define PACKAGE_NAME "hpctoolkit"
| #define PACKAGE_TARNAME "hpctoolkit"
| #define PACKAGE_VERSION "2017.11"
| #define PACKAGE_STRING "hpctoolkit 2017.11"
| #define PACKAGE_BUGREPORT "hpctoolkit-forum@rice.edu"
| #define PACKAGE_URL "http://hpctoolkit.org/"
| #define PACKAGE "hpctoolkit"
| #define VERSION "2017.11"
| #define HPCTOOLKIT_VERSION "2017.11"
| #define HPCTOOLKIT_VERSION_STRING "A member of HPCToolkit, version 2017.11"
| #define STDC_HEADERS 1
| #define HAVE_SYS_TYPES_H 1
| #define HAVE_SYS_STAT_H 1
| #define HAVE_STDLIB_H 1
| #define HAVE_STRING_H 1
| #define HAVE_MEMORY_H 1
| #define HAVE_STRINGS_H 1
| #define HAVE_INTTYPES_H 1
| #define HAVE_STDINT_H 1
| #define HAVE_UNISTD_H 1
| #define HAVE_DLFCN_H 1
| #define LT_OBJDIR ".libs/"
| #define STDC_HEADERS 1
| #define HAVE_UNISTD_H 1
| #define HAVE_INTTYPES_H 1
| #define SIZEOF_VOIDP 8
| #define HAVE_USHORT 1
| #define HAVE_UINT 1
| #define HAVE_ULONG 1
| #define HAVE_USHORT_LANG_C 1
| #define HAVE_UINT_LANG_C 1
| #define HAVE_ULONG_LANG_C 1
| #define HAVE_UNISTD_H 1
| #define HAVE_INTTYPES_H 1
| #define HAVE_CXXABI_H 1
| #define SIZEOF_VOIDP 8
| #define HAVE_USHORT 1
| #define HAVE_UINT 1
| /* end confdefs.h.  */
| #include <stdio.h>
| #ifdef HAVE_SYS_TYPES_H
| # include <sys/types.h>
| #endif
| #ifdef HAVE_SYS_STAT_H
| # include <sys/stat.h>
| #endif
| #ifdef STDC_HEADERS
| # include <stdlib.h>
| # include <stddef.h>
| #else
| # ifdef HAVE_STDLIB_H
| #  include <stdlib.h>
| # endif
| #endif
| #ifdef HAVE_STRING_H
| # if !defined STDC_HEADERS && defined HAVE_MEMORY_H
| #  include <memory.h>
| # endif
| # include <string.h>
| #endif
| #ifdef HAVE_STRINGS_H
| # include <strings.h>
| #endif
| #ifdef HAVE_INTTYPES_H
| # include <inttypes.h>
| #endif
| #ifdef HAVE_STDINT_H
| # include <stdint.h>
| #endif
| #ifdef HAVE_UNISTD_H
| # include <unistd.h>
| #endif
| int
| main ()
| {
| if (sizeof ((ulong)))
| 	    return 0;
|   ;
|   return 0;
| }
configure:17867: result: yes
configure:17881: checking whether g++ compiles pthread.h (__thread vs. __threadp)
configure:17899: g++ -c   conftest.cpp >&5
configure:17899: $? = 0
configure:17907: result: yes
configure:17924: checking for multilib platform
configure:17937: result: yes (searching: lib lib64 lib32)
configure:18465: checking whether byte ordering is bigendian
configure:18480: g++ -c   conftest.cpp >&5
conftest.cpp:46:9: error: expected unqualified-id before 'not' token
         not a universal capable compiler
         ^
configure:18480: $? = 1
configure: failed program was:
| /* confdefs.h */
| #define PACKAGE_NAME "hpctoolkit"
| #define PACKAGE_TARNAME "hpctoolkit"
| #define PACKAGE_VERSION "2017.11"
| #define PACKAGE_STRING "hpctoolkit 2017.11"
| #define PACKAGE_BUGREPORT "hpctoolkit-forum@rice.edu"
| #define PACKAGE_URL "http://hpctoolkit.org/"
| #define PACKAGE "hpctoolkit"
| #define VERSION "2017.11"
| #define HPCTOOLKIT_VERSION "2017.11"
| #define HPCTOOLKIT_VERSION_STRING "A member of HPCToolkit, version 2017.11"
| #define STDC_HEADERS 1
| #define HAVE_SYS_TYPES_H 1
| #define HAVE_SYS_STAT_H 1
| #define HAVE_STDLIB_H 1
| #define HAVE_STRING_H 1
| #define HAVE_MEMORY_H 1
| #define HAVE_STRINGS_H 1
| #define HAVE_INTTYPES_H 1
| #define HAVE_STDINT_H 1
| #define HAVE_UNISTD_H 1
| #define HAVE_DLFCN_H 1
| #define LT_OBJDIR ".libs/"
| #define STDC_HEADERS 1
| #define HAVE_UNISTD_H 1
| #define HAVE_INTTYPES_H 1
| #define SIZEOF_VOIDP 8
| #define HAVE_USHORT 1
| #define HAVE_UINT 1
| #define HAVE_ULONG 1
| #define HAVE_USHORT_LANG_C 1
| #define HAVE_UINT_LANG_C 1
| #define HAVE_ULONG_LANG_C 1
| #define HAVE_UNISTD_H 1
| #define HAVE_INTTYPES_H 1
| #define HAVE_CXXABI_H 1
| #define SIZEOF_VOIDP 8
| #define HAVE_USHORT 1
| #define HAVE_UINT 1
| #define HAVE_ULONG 1
| #define HAVE_OS_MULTILIB 1
| #define HOST_CPU_x86_64 1
| #define HOST_OS_LINUX 1
| /* end confdefs.h.  */
| #ifndef __APPLE_CC__
| 	       not a universal capable compiler
| 	     #endif
| 	     typedef int dummy;
| 
configure:18525: g++ -c   conftest.cpp >&5
configure:18525: $? = 0
configure:18543: g++ -c   conftest.cpp >&5
conftest.cpp: In function 'int main()':
conftest.cpp:52:8: error: 'big' was not declared in this scope
    not big endian
        ^
configure:18543: $? = 1
configure: failed program was:
| /* confdefs.h */
| #define PACKAGE_NAME "hpctoolkit"
| #define PACKAGE_TARNAME "hpctoolkit"
| #define PACKAGE_VERSION "2017.11"
| #define PACKAGE_STRING "hpctoolkit 2017.11"
| #define PACKAGE_BUGREPORT "hpctoolkit-forum@rice.edu"
| #define PACKAGE_URL "http://hpctoolkit.org/"
| #define PACKAGE "hpctoolkit"
| #define VERSION "2017.11"
| #define HPCTOOLKIT_VERSION "2017.11"
| #define HPCTOOLKIT_VERSION_STRING "A member of HPCToolkit, version 2017.11"
| #define STDC_HEADERS 1
| #define HAVE_SYS_TYPES_H 1
| #define HAVE_SYS_STAT_H 1
| #define HAVE_STDLIB_H 1
| #define HAVE_STRING_H 1
| #define HAVE_MEMORY_H 1
| #define HAVE_STRINGS_H 1
| #define HAVE_INTTYPES_H 1
| #define HAVE_STDINT_H 1
| #define HAVE_UNISTD_H 1
| #define HAVE_DLFCN_H 1
| #define LT_OBJDIR ".libs/"
| #define STDC_HEADERS 1
| #define HAVE_UNISTD_H 1
| #define HAVE_INTTYPES_H 1
| #define SIZEOF_VOIDP 8
| #define HAVE_USHORT 1
| #define HAVE_UINT 1
| #define HAVE_ULONG 1
| #define HAVE_USHORT_LANG_C 1
| #define HAVE_UINT_LANG_C 1
| #define HAVE_ULONG_LANG_C 1
| #define HAVE_UNISTD_H 1
| #define HAVE_INTTYPES_H 1
| #define HAVE_CXXABI_H 1
| #define SIZEOF_VOIDP 8
| #define HAVE_USHORT 1
| #define HAVE_UINT 1
| #define HAVE_ULONG 1
| #define HAVE_OS_MULTILIB 1
| #define HOST_CPU_x86_64 1
| #define HOST_OS_LINUX 1
| /* end confdefs.h.  */
| #include <sys/types.h>
| 		#include <sys/param.h>
| 
| int
| main ()
| {
| #if BYTE_ORDER != BIG_ENDIAN
| 		 not big endian
| 		#endif
| 
|   ;
|   return 0;
| }
configure:18671: result: no
configure:18717: host endian: little
configure:18745: g++ -o conftest    conftest.cpp  >&5
configure:18745: $? = 0
configure:18759: use system byteswap.h: yes
configure:18792: checking CXXFLAGS for C++11 standard
configure:18818: g++ -c  -g -O3 -Wall    conftest.cpp >&5
conftest.cpp: In function 'int mylen(std::__cxx11::list<int>)':
conftest.cpp:53:8: warning: 'auto' changes meaning in C++11; please remove it [-Wc++0x-compat]
   for (auto it = lst.begin(); it != lst.end(); it++) {
        ^
conftest.cpp:53:13: error: 'it' does not name a type
   for (auto it = lst.begin(); it != lst.end(); it++) {
             ^
conftest.cpp:53:31: error: expected ';' before 'it'
   for (auto it = lst.begin(); it != lst.end(); it++) {
                               ^
conftest.cpp:53:31: error: 'it' was not declared in this scope
configure:18818: $? = 1
configure: failed program was:
| /* confdefs.h */
| #define PACKAGE_NAME "hpctoolkit"
| #define PACKAGE_TARNAME "hpctoolkit"
| #define PACKAGE_VERSION "2017.11"
| #define PACKAGE_STRING "hpctoolkit 2017.11"
| #define PACKAGE_BUGREPORT "hpctoolkit-forum@rice.edu"
| #define PACKAGE_URL "http://hpctoolkit.org/"
| #define PACKAGE "hpctoolkit"
| #define VERSION "2017.11"
| #define HPCTOOLKIT_VERSION "2017.11"
| #define HPCTOOLKIT_VERSION_STRING "A member of HPCToolkit, version 2017.11"
| #define STDC_HEADERS 1
| #define HAVE_SYS_TYPES_H 1
| #define HAVE_SYS_STAT_H 1
| #define HAVE_STDLIB_H 1
| #define HAVE_STRING_H 1
| #define HAVE_MEMORY_H 1
| #define HAVE_STRINGS_H 1
| #define HAVE_INTTYPES_H 1
| #define HAVE_STDINT_H 1
| #define HAVE_UNISTD_H 1
| #define HAVE_DLFCN_H 1
| #define LT_OBJDIR ".libs/"
| #define STDC_HEADERS 1
| #define HAVE_UNISTD_H 1
| #define HAVE_INTTYPES_H 1
| #define SIZEOF_VOIDP 8
| #define HAVE_USHORT 1
| #define HAVE_UINT 1
| #define HAVE_ULONG 1
| #define HAVE_USHORT_LANG_C 1
| #define HAVE_UINT_LANG_C 1
| #define HAVE_ULONG_LANG_C 1
| #define HAVE_UNISTD_H 1
| #define HAVE_INTTYPES_H 1
| #define HAVE_CXXABI_H 1
| #define SIZEOF_VOIDP 8
| #define HAVE_USHORT 1
| #define HAVE_UINT 1
| #define HAVE_ULONG 1
| #define HAVE_OS_MULTILIB 1
| #define HOST_CPU_x86_64 1
| #define HOST_OS_LINUX 1
| #define HOST_LITTLE_ENDIAN 1
| #define USE_SYSTEM_BYTESWAP 1
| /* end confdefs.h.  */
| 
| 
| #include <list>
| int mylen(std::list <int> lst)
| {
|   int ans = 0;
|   for (auto it = lst.begin(); it != lst.end(); it++) {
|     ans += 1;
|   }
|   return ans;
| }
| 
configure:18818: g++ -c  -g -O3 -Wall    conftest.cpp >&5
conftest.cpp: In function 'int mylen(std::__cxx11::list<int>)':
conftest.cpp:53:8: warning: 'auto' changes meaning in C++11; please remove it [-Wc++0x-compat]
   for (auto it = lst.begin(); it != lst.end(); it++) {
        ^
conftest.cpp:53:13: error: 'it' does not name a type
   for (auto it = lst.begin(); it != lst.end(); it++) {
             ^
conftest.cpp:53:31: error: expected ';' before 'it'
   for (auto it = lst.begin(); it != lst.end(); it++) {
                               ^
conftest.cpp:53:31: error: 'it' was not declared in this scope
configure:18818: $? = 1
configure: failed program was:
| /* confdefs.h */
| #define PACKAGE_NAME "hpctoolkit"
| #define PACKAGE_TARNAME "hpctoolkit"
| #define PACKAGE_VERSION "2017.11"
| #define PACKAGE_STRING "hpctoolkit 2017.11"
| #define PACKAGE_BUGREPORT "hpctoolkit-forum@rice.edu"
| #define PACKAGE_URL "http://hpctoolkit.org/"
| #define PACKAGE "hpctoolkit"
| #define VERSION "2017.11"
| #define HPCTOOLKIT_VERSION "2017.11"
| #define HPCTOOLKIT_VERSION_STRING "A member of HPCToolkit, version 2017.11"
| #define STDC_HEADERS 1
| #define HAVE_SYS_TYPES_H 1
| #define HAVE_SYS_STAT_H 1
| #define HAVE_STDLIB_H 1
| #define HAVE_STRING_H 1
| #define HAVE_MEMORY_H 1
| #define HAVE_STRINGS_H 1
| #define HAVE_INTTYPES_H 1
| #define HAVE_STDINT_H 1
| #define HAVE_UNISTD_H 1
| #define HAVE_DLFCN_H 1
| #define LT_OBJDIR ".libs/"
| #define STDC_HEADERS 1
| #define HAVE_UNISTD_H 1
| #define HAVE_INTTYPES_H 1
| #define SIZEOF_VOIDP 8
| #define HAVE_USHORT 1
| #define HAVE_UINT 1
| #define HAVE_ULONG 1
| #define HAVE_USHORT_LANG_C 1
| #define HAVE_UINT_LANG_C 1
| #define HAVE_ULONG_LANG_C 1
| #define HAVE_UNISTD_H 1
| #define HAVE_INTTYPES_H 1
| #define HAVE_CXXABI_H 1
| #define SIZEOF_VOIDP 8
| #define HAVE_USHORT 1
| #define HAVE_UINT 1
| #define HAVE_ULONG 1
| #define HAVE_OS_MULTILIB 1
| #define HOST_CPU_x86_64 1
| #define HOST_OS_LINUX 1
| #define HOST_LITTLE_ENDIAN 1
| #define USE_SYSTEM_BYTESWAP 1
| /* end confdefs.h.  */
| 
| 
| #include <list>
| int mylen(std::list <int> lst)
| {
|   int ans = 0;
|   for (auto it = lst.begin(); it != lst.end(); it++) {
|     ans += 1;
|   }
|   return ans;
| }
| 
configure:18818: g++ -c  -g -O3 -Wall  -std=c++11  conftest.cpp >&5
configure:18818: $? = 0
configure:18831: result: -std=c++11
configure:18865: checking relocatable linking: /usr/bin/ld -m elf_x86_64 
configure:18870: result: yes
configure:18945: checking whether CXX and MPICXX are compatible
configure:18962: result: yes
configure:19019: *** INFO: post hpc tests: CXX='g++' CXXFLAGS='' HOST_CXXFLAGS=' -g -O3 -Wall -std=c++11' ***
configure:19021: *** INFO: post hpc tests: CC='gcc' CFLAGS='' HOST_CFLAGS=' -g -O3 -Wall' ***
configure:19023: *** INFO: post hpc tests: MPICC='' ***
configure:19025: *** INFO: post hpc tests: MPICXX='/home/msasongko17/project/feather-project/openmpi_bin/bin/mpicxx' ***
configure:19027: *** INFO: post hpc tests: MPIF77='' ***
configure:19078: error: missing externals file: /home/aditya/Documents/new_research/comdetective-tools/hpctoolkit-externals/x86_64-unknown-linux-gnu/externs.conf

## ---------------- ##
## Cache variables. ##
## ---------------- ##

ac_cv_build=x86_64-unknown-linux-gnu
ac_cv_c_bigendian=no
ac_cv_c_compiler_gnu=yes
ac_cv_check_cxx_ctd_cheaders=yes
ac_cv_check_cxx_pthread_h=yes
ac_cv_cxx_compiler_gnu=yes
ac_cv_env_CCASFLAGS_set=
ac_cv_env_CCASFLAGS_value=
ac_cv_env_CCAS_set=
ac_cv_env_CCAS_value=
ac_cv_env_CCC_set=
ac_cv_env_CCC_value=
ac_cv_env_CC_set=
ac_cv_env_CC_value=
ac_cv_env_CFLAGS_set=
ac_cv_env_CFLAGS_value=
ac_cv_env_CPPFLAGS_set=
ac_cv_env_CPPFLAGS_value=
ac_cv_env_CPP_set=
ac_cv_env_CPP_value=
ac_cv_env_CXX11_FLAG_set=
ac_cv_env_CXX11_FLAG_value=
ac_cv_env_CXXCPP_set=
ac_cv_env_CXXCPP_value=
ac_cv_env_CXXFLAGS_set=
ac_cv_env_CXXFLAGS_value=
ac_cv_env_CXX_set=
ac_cv_env_CXX_value=
ac_cv_env_HPCPROFMPI_LT_LDFLAGS_set=
ac_cv_env_HPCPROFMPI_LT_LDFLAGS_value=
ac_cv_env_HPC_LT_LDFLAGS_set=
ac_cv_env_HPC_LT_LDFLAGS_value=
ac_cv_env_LDFLAGS_set=
ac_cv_env_LDFLAGS_value=
ac_cv_env_LD_set=
ac_cv_env_LD_value=
ac_cv_env_LIBS_set=
ac_cv_env_LIBS_value=
ac_cv_env_LT_SYS_LIBRARY_PATH_set=
ac_cv_env_LT_SYS_LIBRARY_PATH_value=
ac_cv_env_MPICC_set=
ac_cv_env_MPICC_value=
ac_cv_env_MPICXX_set=
ac_cv_env_MPICXX_value=
ac_cv_env_MPIF77_set=
ac_cv_env_MPIF77_value=
ac_cv_env_MPI_INC_set=
ac_cv_env_MPI_INC_value=
ac_cv_env_build_alias_set=
ac_cv_env_build_alias_value=
ac_cv_env_host_alias_set=
ac_cv_env_host_alias_value=
ac_cv_env_target_alias_set=
ac_cv_env_target_alias_value=
ac_cv_header_cxxabi_h=yes
ac_cv_header_dlfcn_h=yes
ac_cv_header_inttypes_h=yes
ac_cv_header_memory_h=yes
ac_cv_header_stdc=yes
ac_cv_header_stdint_h=yes
ac_cv_header_stdlib_h=yes
ac_cv_header_string_h=yes
ac_cv_header_strings_h=yes
ac_cv_header_sys_stat_h=yes
ac_cv_header_sys_types_h=yes
ac_cv_header_unistd_h=yes
ac_cv_host=x86_64-unknown-linux-gnu
ac_cv_objext=o
ac_cv_path_EGREP='/bin/grep -E'
ac_cv_path_FGREP='/bin/grep -F'
ac_cv_path_GREP=/bin/grep
ac_cv_path_MPICXX=/home/msasongko17/project/feather-project/openmpi_bin/bin/mpicxx
ac_cv_path_SED=/bin/sed
ac_cv_path_install='/usr/bin/install -c'
ac_cv_path_lt_DD=/bin/dd
ac_cv_path_mkdir=/bin/mkdir
ac_cv_prog_AWK=gawk
ac_cv_prog_CPP='gcc -E'
ac_cv_prog_CXXCPP='g++ -E'
ac_cv_prog_ac_ct_AR=ar
ac_cv_prog_ac_ct_CC=gcc
ac_cv_prog_ac_ct_CXX=g++
ac_cv_prog_ac_ct_MANIFEST_TOOL=mt
ac_cv_prog_ac_ct_OBJDUMP=objdump
ac_cv_prog_ac_ct_RANLIB=ranlib
ac_cv_prog_ac_ct_STRIP=strip
ac_cv_prog_cc_c89=
ac_cv_prog_cc_c99=
ac_cv_prog_cc_g=yes
ac_cv_prog_cxx_g=yes
ac_cv_prog_make_make_set=yes
ac_cv_sizeof_voidp=8
ac_cv_type_uint=yes
ac_cv_type_ulong=yes
ac_cv_type_ushort=yes
am_cv_CCAS_dependencies_compiler_type=gcc3
am_cv_CC_dependencies_compiler_type=gcc3
am_cv_CXX_dependencies_compiler_type=gcc3
am_cv_make_support_nested_variables=yes
am_cv_prog_cc_c_o=yes
lt_cv_ar_at_file=@
lt_cv_archive_cmds_need_lc=no
lt_cv_deplibs_check_method=pass_all
lt_cv_file_magic_cmd='$MAGIC_CMD'
lt_cv_file_magic_test_file=
lt_cv_ld_reload_flag=-r
lt_cv_nm_interface='BSD nm'
lt_cv_objdir=.libs
lt_cv_path_LD=/usr/bin/ld
lt_cv_path_LDCXX='/usr/bin/ld -m elf_x86_64'
lt_cv_path_NM='/usr/bin/nm -B'
lt_cv_path_mainfest_tool=no
lt_cv_prog_compiler_c_o=yes
lt_cv_prog_compiler_c_o_CXX=yes
lt_cv_prog_compiler_pic='-fPIC -DPIC'
lt_cv_prog_compiler_pic_CXX='-fPIC -DPIC'
lt_cv_prog_compiler_pic_works=yes
lt_cv_prog_compiler_pic_works_CXX=yes
lt_cv_prog_compiler_rtti_exceptions=no
lt_cv_prog_compiler_static_works=yes
lt_cv_prog_compiler_static_works_CXX=yes
lt_cv_prog_gnu_ld=yes
lt_cv_prog_gnu_ldcxx=yes
lt_cv_sharedlib_from_linklib_cmd='printf %s\n'
lt_cv_shlibpath_overrides_runpath=no
lt_cv_sys_global_symbol_pipe='sed -n -e '\''s/^.*[	 ]\([ABCDGIRSTW][ABCDGIRSTW]*\)[	 ][	 ]*\([_A-Za-z][_A-Za-z0-9]*\)$/\1 \2 \2/p'\'' | sed '\''/ __gnu_lto/d'\'''
lt_cv_sys_global_symbol_to_c_name_address='sed -n -e '\''s/^: \(.*\) .*$/  {"\1", (void *) 0},/p'\'' -e '\''s/^[ABCDGIRSTW][ABCDGIRSTW]* .* \(.*\)$/  {"\1", (void *) \&\1},/p'\'''
lt_cv_sys_global_symbol_to_c_name_address_lib_prefix='sed -n -e '\''s/^: \(.*\) .*$/  {"\1", (void *) 0},/p'\'' -e '\''s/^[ABCDGIRSTW][ABCDGIRSTW]* .* \(lib.*\)$/  {"\1", (void *) \&\1},/p'\'' -e '\''s/^[ABCDGIRSTW][ABCDGIRSTW]* .* \(.*\)$/  {"lib\1", (void *) \&\1},/p'\'''
lt_cv_sys_global_symbol_to_cdecl='sed -n -e '\''s/^T .* \(.*\)$/extern int \1();/p'\'' -e '\''s/^[ABCDGIRSTW][ABCDGIRSTW]* .* \(.*\)$/extern char \1;/p'\'''
lt_cv_sys_global_symbol_to_import=
lt_cv_sys_max_cmd_len=1572864
lt_cv_to_host_file_cmd=func_convert_file_noop
lt_cv_to_tool_file_cmd=func_convert_file_noop
lt_cv_truncate_bin='/bin/dd bs=4096 count=1'

## ----------------- ##
## Output variables. ##
## ----------------- ##

ACLOCAL='${SHELL} /mnt/data/home/msasongko17/comdetective-tools/ComDetective/config/missing aclocal-1.15'
AMDEPBACKSLASH='\'
AMDEP_FALSE='#'
AMDEP_TRUE=''
AMTAR='$${TAR-tar}'
AM_BACKSLASH='\'
AM_DEFAULT_V='$(AM_DEFAULT_VERBOSITY)'
AM_DEFAULT_VERBOSITY='1'
AM_V='$(V)'
AR='ar'
AUTOCONF='${SHELL} /mnt/data/home/msasongko17/comdetective-tools/ComDetective/config/missing autoconf'
AUTOHEADER='${SHELL} /mnt/data/home/msasongko17/comdetective-tools/ComDetective/config/missing autoheader'
AUTOMAKE='${SHELL} /mnt/data/home/msasongko17/comdetective-tools/ComDetective/config/missing automake-1.15'
AWK='gawk'
BACK_END_LABEL=''
BOOST_COPY=''
BOOST_INC=''
BOOST_LIB=''
BOOST_LIB_LIST=''
CC='gcc'
CCAS='gcc'
CCASDEPMODE='depmode=gcc3'
CCASFLAGS=''
CCDEPMODE='depmode=gcc3'
CC_PATH=''
CFLAGS=''
CPP='gcc -E'
CPPFLAGS=''
CXX11_FLAG=''
CXX='g++'
CXXCPP='g++ -E'
CXXDEPMODE='depmode=gcc3'
CXXFLAGS=''
CXX_PATH=''
CYGPATH_W='echo'
DEFS=''
DEPDIR='.deps'
DLLTOOL='false'
DSYMUTIL=''
DUMPBIN=''
ECHO_C=''
ECHO_N='-n'
ECHO_T=''
EGREP='/bin/grep -E'
EXEEXT=''
F77_SYMBOLS=''
FGREP='/bin/grep -F'
GNUBINUTILS_IFLAGS=''
GNUBINUTILS_LDFLAGS=''
GNUBINUTILS_LDLIBS=''
GREP='/bin/grep'
HOST_AR=''
HOST_CFLAGS=' -g -O3 -Wall'
HOST_CPU_AARCH64_FALSE=''
HOST_CPU_AARCH64_TRUE='#'
HOST_CPU_IA64_FALSE=''
HOST_CPU_IA64_TRUE='#'
HOST_CPU_K1OM_FALSE=''
HOST_CPU_K1OM_TRUE='#'
HOST_CPU_MIPS_FALSE=''
HOST_CPU_MIPS_TRUE='#'
HOST_CPU_PPC_FALSE=''
HOST_CPU_PPC_TRUE='#'
HOST_CPU_X86_64_FALSE='#'
HOST_CPU_X86_64_TRUE=''
HOST_CPU_X86_FALSE=''
HOST_CPU_X86_FAMILY_FALSE='#'
HOST_CPU_X86_FAMILY_TRUE=''
HOST_CPU_X86_TRUE='#'
HOST_CXXFLAGS=' -g -O3 -Wall -std=c++11'
HOST_HPCPROFTT_LDFLAGS='-lm'
HOST_HPCPROF_FLAT_LDFLAGS='-lm'
HOST_HPCPROF_LDFLAGS='-lm '
HOST_HPCRUN_LDFLAGS=''
HOST_HPCSTRUCT_LDFLAGS='-lm '
HOST_LIBTREPOSITORY=''
HOST_LINK_NO_START_FILES='-nostartfiles'
HOST_OS_LINUX_FALSE='#'
HOST_OS_LINUX_TRUE=''
HOST_XPROF_LDFLAGS=' '
HPCLINK_LD_FLAGS=''
HPCPROFMPI_LT_LDFLAGS=''
HPCRUN_LIBCXX_PATH=''
HPCTOOLKIT_PLATFORM='x86_64-Linux'
HPC_LT_LDFLAGS=''
HPC_MONITOR=''
INSTALL_DATA='${INSTALL} -m 644'
INSTALL_PROGRAM='${INSTALL}'
INSTALL_SCRIPT='${INSTALL}'
INSTALL_STRIP_PROGRAM='$(install_sh) -c -s'
IS_HOST_AR_FALSE=''
IS_HOST_AR_TRUE='#'
LD='/usr/bin/ld -m elf_x86_64'
LDFLAGS=''
LIBADM_COPY=''
LIBADM_INC=''
LIBADM_LIB=''
LIBDWARF_COPY=''
LIBDWARF_INC=''
LIBDWARF_LIB=''
LIBELF_COPY=''
LIBELF_INC=''
LIBELF_LIB=''
LIBMONITOR_COPY=''
LIBMONITOR_INC=''
LIBMONITOR_LIB=''
LIBMONITOR_RUN_DIR=''
LIBMONITOR_WRAP_NAMES=''
LIBOBJS=''
LIBS=''
LIBTOOL='$(SHELL) $(top_builddir)/libtool'
LIBTOOL_DEPS='config/ltmain.sh'
LIBUNWIND_COPY=''
LIBUNWIND_CPPFLAGS_DYN=''
LIBUNWIND_CPPFLAGS_STAT=''
LIBUNWIND_IFLAGS=''
LIBUNWIND_LDFLAGS_DYN=''
LIBUNWIND_LDFLAGS_STAT=''
LIBUNWIND_LIB=''
LIPO=''
LN_S='ln -s'
LTLIBOBJS=''
LT_SYS_LIBRARY_PATH=''
LZMA_COPY=''
LZMA_LDFLAGS_DYN=''
LZMA_LDFLAGS_STAT=''
LZMA_LIB=''
MAINT='#'
MAINTAINER_MODE_FALSE=''
MAINTAINER_MODE_TRUE='#'
MAKEINFO='${SHELL} /mnt/data/home/msasongko17/comdetective-tools/ComDetective/config/missing makeinfo'
MANIFEST_TOOL=':'
MKDIR_P='/bin/mkdir -p'
MONITOR=''
MPICC=''
MPICXX='/home/msasongko17/project/feather-project/openmpi_bin/bin/mpicxx'
MPIF77=''
MPI_INC=''
MPI_PROTO_FILE=''
NM='/usr/bin/nm -B'
NMEDIT=''
OBJDUMP='objdump'
OBJEXT='o'
OPT_BGQ_BACKEND_FALSE=''
OPT_BGQ_BACKEND_TRUE=''
OPT_BUILD_BACK_END_FALSE=''
OPT_BUILD_BACK_END_TRUE=''
OPT_BUILD_FRONT_END_FALSE=''
OPT_BUILD_FRONT_END_TRUE=''
OPT_BUILD_LIB_ALL_FALSE=''
OPT_BUILD_LIB_ALL_TRUE=''
OPT_BUILD_TOOL_ALL_FALSE=''
OPT_BUILD_TOOL_ALL_TRUE=''
OPT_CILK_IFLAGS=''
OPT_CUDA=''
OPT_CUDA_IFLAGS=''
OPT_CUDA_LDFLAGS=''
OPT_CUPTI=''
OPT_CUPTI_IFLAGS=''
OPT_ENABLE_CUDA_FALSE=''
OPT_ENABLE_CUDA_TRUE=''
OPT_ENABLE_CUPTI_FALSE=''
OPT_ENABLE_CUPTI_TRUE=''
OPT_ENABLE_DEVELOP_FALSE=''
OPT_ENABLE_DEVELOP_TRUE='#'
OPT_ENABLE_DEVTOOLS_FALSE=''
OPT_ENABLE_DEVTOOLS_TRUE=''
OPT_ENABLE_HPCRUN_DYNAMIC_FALSE=''
OPT_ENABLE_HPCRUN_DYNAMIC_TRUE=''
OPT_ENABLE_HPCRUN_FALSE=''
OPT_ENABLE_HPCRUN_FLAT_FALSE=''
OPT_ENABLE_HPCRUN_FLAT_TRUE=''
OPT_ENABLE_HPCRUN_STATIC_FALSE=''
OPT_ENABLE_HPCRUN_STATIC_TRUE=''
OPT_ENABLE_HPCRUN_TRUE=''
OPT_ENABLE_HPCSERVER_FALSE=''
OPT_ENABLE_HPCSERVER_TRUE=''
OPT_ENABLE_KERNEL_4_3_FALSE=''
OPT_ENABLE_KERNEL_4_3_TRUE=''
OPT_ENABLE_LUSH_FALSE=''
OPT_ENABLE_LUSH_PTHREADS_FALSE=''
OPT_ENABLE_LUSH_PTHREADS_TRUE=''
OPT_ENABLE_LUSH_TRUE=''
OPT_ENABLE_MPI_FALSE=''
OPT_ENABLE_MPI_TRUE=''
OPT_ENABLE_MPI_WRAP_FALSE=''
OPT_ENABLE_MPI_WRAP_TRUE=''
OPT_ENABLE_PERF_EVENT_FALSE=''
OPT_ENABLE_PERF_EVENT_TRUE=''
OPT_ENABLE_UPC_FALSE=''
OPT_ENABLE_UPC_TRUE=''
OPT_HAVE_BINUTILS_IA64_FALSE=''
OPT_HAVE_BINUTILS_IA64_TRUE=''
OPT_INSTALL_MONITOR=''
OPT_OBJCOPY=''
OPT_PAPI=''
OPT_PAPI_COMPONENT_FALSE=''
OPT_PAPI_COMPONENT_TRUE=''
OPT_PAPI_CUPTI_FALSE=''
OPT_PAPI_CUPTI_TRUE=''
OPT_PAPI_DYNAMIC_FALSE=''
OPT_PAPI_DYNAMIC_TRUE=''
OPT_PAPI_IFLAGS=''
OPT_PAPI_LDFLAGS=''
OPT_PAPI_LIBPATH=''
OPT_PAPI_STATIC_FALSE=''
OPT_PAPI_STATIC_TRUE=''
OPT_PERFMON_FALSE=''
OPT_PERFMON_TRUE=''
OPT_STRIP_HPCRUN_LIBS_FALSE='#'
OPT_STRIP_HPCRUN_LIBS_TRUE=''
OPT_UPC_IFLAGS=''
OPT_UPC_LDFLAGS=''
OPT_USE_ZLIB_FALSE=''
OPT_USE_ZLIB_TRUE=''
OPT_WITH_CILK_FALSE=''
OPT_WITH_CILK_TRUE=''
OTOOL64=''
OTOOL=''
PACKAGE='hpctoolkit'
PACKAGE_BUGREPORT='hpctoolkit-forum@rice.edu'
PACKAGE_NAME='hpctoolkit'
PACKAGE_STRING='hpctoolkit 2017.11'
PACKAGE_TARNAME='hpctoolkit'
PACKAGE_URL='http://hpctoolkit.org/'
PACKAGE_VERSION='2017.11'
PATH_SEPARATOR=':'
PERFMON_CFLAGS=''
PERFMON_COPY=''
PERFMON_LDFLAGS_DYN=''
PERFMON_LDFLAGS_STAT=''
PERFMON_LIB=''
PERF_EVENT_PARANOID=''
RANLIB='ranlib'
SED='/bin/sed'
SET_MAKE=''
SHELL='/bin/bash'
STRIP='strip'
SYMTABAPI_COPY=''
SYMTABAPI_INC=''
SYMTABAPI_LIB=''
SYMTABAPI_LIB_LIST=''
UNW_LIBUNW_FALSE=''
UNW_LIBUNW_TRUE=''
UNW_MIPS_FALSE=''
UNW_MIPS_TRUE=''
UNW_PPC64_FALSE=''
UNW_PPC64_TRUE=''
UNW_X86_FALSE=''
UNW_X86_TRUE=''
USE_BOOST_LIBS_FALSE=''
USE_BOOST_LIBS_TRUE=''
VERSION='2017.11'
XED2_COPY=''
XED2_HPCLINK_LIBS=''
XED2_HPCRUN_LIBS=''
XED2_INC=''
XED2_LIB_DIR=''
XED2_LIB_FLAGS=''
XED2_PROF_MPI_LIBS=''
XERCES=''
XERCES_COPY=''
XERCES_IFLAGS=''
XERCES_LDFLAGS=''
XERCES_LDLIBS=''
XERCES_LIB=''
ZLIB_COPY=''
ZLIB_INC=''
ZLIB_LIB=''
ac_ct_AR='ar'
ac_ct_CC='gcc'
ac_ct_CXX='g++'
ac_ct_DUMPBIN=''
am__EXEEXT_FALSE=''
am__EXEEXT_TRUE=''
am__fastdepCCAS_FALSE='#'
am__fastdepCCAS_TRUE=''
am__fastdepCC_FALSE='#'
am__fastdepCC_TRUE=''
am__fastdepCXX_FALSE='#'
am__fastdepCXX_TRUE=''
am__include='include'
am__isrc=''
am__leading_dot='.'
am__nodep='_no'
am__quote=''
am__tar='$${TAR-tar} chof - "$$tardir"'
am__untar='$${TAR-tar} xf -'
bindir='${exec_prefix}/bin'
build='x86_64-unknown-linux-gnu'
build_alias=''
build_cpu='x86_64'
build_os='linux-gnu'
build_vendor='unknown'
cxx_c11_flag='-std=c++11'
datadir='${datarootdir}'
datarootdir='${prefix}/share'
docdir='${datarootdir}/doc/${PACKAGE_TARNAME}'
dvidir='${docdir}'
exec_prefix='NONE'
host='x86_64-unknown-linux-gnu'
host_alias=''
host_cpu='x86_64'
host_os='linux-gnu'
host_vendor='unknown'
hpc_ext_libs_dir='lib/hpctoolkit/ext-libs'
hpclink_extra_wrap_names=''
hpcrun_use_bgq_backend=''
htmldir='${docdir}'
includedir='${prefix}/include'
infodir='${datarootdir}/info'
install_sh='${SHELL} /mnt/data/home/msasongko17/comdetective-tools/ComDetective/config/install-sh'
libdir='${exec_prefix}/lib'
libexecdir='${exec_prefix}/libexec'
localedir='${datarootdir}/locale'
localstatedir='${prefix}/var'
mandir='${datarootdir}/man'
mkdir_p='$(MKDIR_P)'
my_pkglibdir=''
my_pkglibexecdir=''
oldincludedir='/usr/include'
papi_extra_libs=''
pdfdir='${docdir}'
ppc64_bgq_avail=''
prefix='/home/aditya/Documents/new_research/comdetective-tools/hpctoolkit-bin'
program_transform_name='s,x,x,'
psdir='${docdir}'
sbindir='${exec_prefix}/sbin'
sharedstatedir='${prefix}/com'
sysconfdir='${prefix}/etc'
target_alias=''
wordsize_cflag=''

## ------------------- ##
## File substitutions. ##
## ------------------- ##

copyright_hash=''
export_hpctoolkit=''

## ----------- ##
## confdefs.h. ##
## ----------- ##

/* confdefs.h */
#define PACKAGE_NAME "hpctoolkit"
#define PACKAGE_TARNAME "hpctoolkit"
#define PACKAGE_VERSION "2017.11"
#define PACKAGE_STRING "hpctoolkit 2017.11"
#define PACKAGE_BUGREPORT "hpctoolkit-forum@rice.edu"
#define PACKAGE_URL "http://hpctoolkit.org/"
#define PACKAGE "hpctoolkit"
#define VERSION "2017.11"
#define HPCTOOLKIT_VERSION "2017.11"
#define HPCTOOLKIT_VERSION_STRING "A member of HPCToolkit, version 2017.11"
#define STDC_HEADERS 1
#define HAVE_SYS_TYPES_H 1
#define HAVE_SYS_STAT_H 1
#define HAVE_STDLIB_H 1
#define HAVE_STRING_H 1
#define HAVE_MEMORY_H 1
#define HAVE_STRINGS_H 1
#define HAVE_INTTYPES_H 1
#define HAVE_STDINT_H 1
#define HAVE_UNISTD_H 1
#define HAVE_DLFCN_H 1
#define LT_OBJDIR ".libs/"
#define STDC_HEADERS 1
#define HAVE_UNISTD_H 1
#define HAVE_INTTYPES_H 1
#define SIZEOF_VOIDP 8
#define HAVE_USHORT 1
#define HAVE_UINT 1
#define HAVE_ULONG 1
#define HAVE_USHORT_LANG_C 1
#define HAVE_UINT_LANG_C 1
#define HAVE_ULONG_LANG_C 1
#define HAVE_UNISTD_H 1
#define HAVE_INTTYPES_H 1
#define HAVE_CXXABI_H 1
#define SIZEOF_VOIDP 8
#define HAVE_USHORT 1
#define HAVE_UINT 1
#define HAVE_ULONG 1
#define HAVE_OS_MULTILIB 1
#define HOST_CPU_x86_64 1
#define HOST_OS_LINUX 1
#define HOST_LITTLE_ENDIAN 1
#define USE_SYSTEM_BYTESWAP 1

configure: exit 1
